[0mOPTIONS /api/auth/register [32m204[0m 17.333 ms - 0[0m
[0mPOST /api/auth/register [32m200[0m 282.831 ms - 106[0m
[0mOPTIONS /api/auth/rootLogin [32m204[0m 1.051 ms - 0[0m
[0mPOST /api/auth/rootLogin [32m200[0m 232.058 ms - 211[0m
[0mOPTIONS /api/order/list [32m204[0m 1.409 ms - 0[0m
[0mOPTIONS /api/order/count [32m204[0m 1.960 ms - 0[0m
[0mGET /api/order/list [32m200[0m 27.937 ms - 27[0m
[0mGET /api/order/count [32m200[0m 19.476 ms - 26[0m
[0mOPTIONS /api/category/list [32m204[0m 1.227 ms - 0[0m
[0mGET /api/category/list [32m200[0m 10.393 ms - 26[0m
[0mOPTIONS /api/category/main-list [32m204[0m 0.801 ms - 0[0m
[0mGET /api/category/main-list [32m200[0m 7.043 ms - 26[0m
[0mOPTIONS /api/category/create [32m204[0m 2.422 ms - 0[0m
[0mPOST /api/category/create [32m200[0m 11.998 ms - 55[0m
[0mOPTIONS /api/category/main-list [32m204[0m 1.296 ms - 0[0m
[0mGET /api/category/main-list [32m200[0m 13.760 ms - 144[0m
[0mOPTIONS /api/category/main-list/update [32m204[0m 1.468 ms - 0[0m
[0mPOST /api/category/main-list/update [32m200[0m 25.174 ms - 54[0m
[0mPOST /api/category/main-list/update [32m200[0m 12.848 ms - 54[0m
[0mPOST /api/category/main-list/update [32m200[0m 21.477 ms - 54[0m
[0mOPTIONS /api/category/main-list/update [32m204[0m 0.658 ms - 0[0m
[0mPOST /api/category/main-list/update [32m200[0m 11.318 ms - 54[0m
[0mPOST /api/category/main-list/update [32m200[0m 12.763 ms - 54[0m
[0mOPTIONS /api/category/main-list [32m204[0m 1.228 ms - 0[0m
[0mGET /api/category/main-list [32m200[0m 10.035 ms - 144[0m
[0mOPTIONS /api/category/sub-list [32m204[0m 1.104 ms - 0[0m
[0mOPTIONS /api/category/main-list [32m204[0m 1.024 ms - 0[0m
[0mGET /api/category/sub-list [32m200[0m 13.382 ms - 26[0m
[0mGET /api/category/main-list [36m304[0m 12.579 ms - -[0m
[0mOPTIONS /api/category/create-sub [32m204[0m 0.652 ms - 0[0m
[0mPOST /api/category/create-sub [32m200[0m 13.077 ms - 55[0m
[0mOPTIONS /api/category/sub-list [32m204[0m 1.057 ms - 0[0m
[0mGET /api/category/sub-list [32m200[0m 13.180 ms - 181[0m
[0mOPTIONS /api/category/list [32m204[0m 1.092 ms - 0[0m
[0mOPTIONS /api/category/main-list [32m204[0m 1.054 ms - 0[0m
[0mGET /api/category/list [36m304[0m 14.546 ms - -[0m
[0mGET /api/category/main-list [36m304[0m 8.095 ms - -[0m
[0mOPTIONS /api/category/getAllSubCategory?categoryId=1 [32m204[0m 1.086 ms - 0[0m
[0mGET /api/category/getAllSubCategory?categoryId=1 [32m200[0m 13.301 ms - 181[0m
[0mOPTIONS /api/category/create-sub-child [32m204[0m 1.027 ms - 0[0m
[0mPOST /api/category/create-sub-child [32m200[0m 12.539 ms - 55[0m
[0mOPTIONS /api/category/list [32m204[0m 1.422 ms - 0[0m
[0mGET /api/category/list [32m200[0m 16.192 ms - 235[0m
[0mOPTIONS /api/category/main-list [32m204[0m 1.118 ms - 0[0m
[0mOPTIONS /api/category/sub-list [32m204[0m 0.973 ms - 0[0m
[0mGET /api/category/sub-list [36m304[0m 20.760 ms - -[0m
[0mGET /api/category/main-list [36m304[0m 20.707 ms - -[0m
[0mOPTIONS /api/category/list [32m204[0m 1.066 ms - 0[0m
[0mGET /api/category/list [36m304[0m 12.792 ms - -[0m
[0mOPTIONS /api/product/getAllproductList [32m204[0m 1.198 ms - 0[0m
[0mGET /api/product/getAllproductList [32m200[0m 11.004 ms - 29[0m
[0mOPTIONS /api/category/main-list [32m204[0m 2.287 ms - 0[0m
[0mGET /api/category/main-list [36m304[0m 8.018 ms - -[0m
[0mOPTIONS /api/category/getAllSubCategory?categoryId=1 [32m204[0m 1.012 ms - 0[0m
[0mGET /api/category/getAllSubCategory?categoryId=1 [36m304[0m 12.700 ms - -[0m
[0mOPTIONS /api/category/getAllSubChildCategory?subcategoryId=1 [32m204[0m 1.036 ms - 0[0m
[0mGET /api/category/getAllSubChildCategory?subcategoryId=1 [32m200[0m 10.525 ms - 158[0m
[0mOPTIONS /api/product/add [32m204[0m 0.613 ms - 0[0m
[0mPOST /api/product/add [31m500[0m 747.775 ms - 3065[0m
[0mOPTIONS /api/category/main-list [32m204[0m 0.565 ms - 0[0m
[0mGET /api/category/main-list [36m304[0m 6.900 ms - -[0m
[0mOPTIONS /api/product/getAllproductList [32m204[0m 0.713 ms - 0[0m
[0mGET /api/product/getAllproductList [36m304[0m 5.417 ms - -[0m
[0mOPTIONS /api/category/main-list [32m204[0m 0.566 ms - 0[0m
[0mGET /api/category/main-list [36m304[0m 4.921 ms - -[0m
[0mOPTIONS /api/product/getAllproductList [32m204[0m 1.169 ms - 0[0m
[0mGET /api/product/getAllGroceryStaple [32m200[0m 64.411 ms - 28[0m
[0mGET /api/product/getAllGroceryStaple [36m304[0m 13.285 ms - -[0m
[0mGET /api/product/getAllGroceryStaple [36m304[0m 9.281 ms - -[0m
[0mGET /api/product/getAllGroceryStaple [36m304[0m 7.806 ms - -[0m
[0mGET /api/product/getAllGroceryStaple [36m304[0m 6.695 ms - -[0m
[0mGET /api/product/getAllGroceryStaple [36m304[0m 8.570 ms - -[0m
[0mGET /api/product/getAllGroceryStaple [36m304[0m 6.974 ms - -[0m
[0mGET /api/product/getAllGroceryStaple [36m304[0m 7.558 ms - -[0m
[0mGET /api/product/getAllGroceryStaple [36m304[0m 7.181 ms - -[0m
[0mGET /api/product/getAllGroceryStaple [36m304[0m 6.529 ms - -[0m
[0mGET /api/product/getAllGroceryStaple [36m304[0m 6.578 ms - -[0m
[0mGET /api/product/getAllGroceryStaple [36m304[0m 6.606 ms - -[0m
[0mGET /api/product/getAllGroceryStaple [36m304[0m 9.687 ms - -[0m
[0mGET /api/product/getAllGroceryStaple [36m304[0m 12.019 ms - -[0m
[0mGET /api/category/cn/list?slug=undefined [36m302[0m 8.260 ms - 29[0m
[0mGET /api/product/list/undefined [32m200[0m 7.753 ms - 28[0m
[0mGET /logout [33m404[0m 31.603 ms - 8094[0m
[0mOPTIONS /api/auth/rootLogin [32m204[0m 0.947 ms - 0[0m
[0mPOST /api/auth/rootLogin [32m200[0m 265.355 ms - 211[0m
[0mOPTIONS /api/order/list [32m204[0m 0.774 ms - 0[0m
[0mOPTIONS /api/order/count [32m204[0m 0.840 ms - 0[0m
[0mGET /api/order/list [32m200[0m 14.575 ms - 27[0m
[0mGET /api/order/count [32m200[0m 11.184 ms - 26[0m
[0mOPTIONS /api/category/list [32m204[0m 0.717 ms - 0[0m
[0mGET /api/category/list [32m200[0m 21.430 ms - 235[0m
[0mOPTIONS /api/product/getAllproductList [32m204[0m 0.630 ms - 0[0m
[0mGET /api/product/getAllproductList [32m200[0m 7.446 ms - 29[0m
[0mOPTIONS /api/category/main-list [32m204[0m 0.731 ms - 0[0m
[0mGET /api/category/main-list [32m200[0m 10.076 ms - 144[0m
[0mOPTIONS /api/category/create [32m204[0m 0.666 ms - 0[0m
[0mPOST /api/category/create [32m200[0m 26.022 ms - 55[0m
[0mOPTIONS /api/category/main-list [32m204[0m 0.543 ms - 0[0m
[0mGET /api/category/main-list [32m200[0m 4.482 ms - 267[0m
[0mGET /api/category/main-list [36m304[0m 8.103 ms - -[0m
[0mOPTIONS /api/category/main-list [32m204[0m 0.923 ms - 0[0m
[0mOPTIONS /api/category/sub-list [32m204[0m 0.866 ms - 0[0m
[0mGET /api/category/sub-list [32m200[0m 19.851 ms - 181[0m
[0mGET /api/category/main-list [36m304[0m 21.186 ms - -[0m
[0mOPTIONS /api/category/create-sub [32m204[0m 0.672 ms - 0[0m
[0mPOST /api/category/create-sub [32m200[0m 12.682 ms - 55[0m
[0mOPTIONS /api/category/sub-list [32m204[0m 0.541 ms - 0[0m
[0mGET /api/category/sub-list [32m200[0m 7.832 ms - 340[0m
[0mOPTIONS /api/category/main-list [32m204[0m 0.752 ms - 0[0m
[0mOPTIONS /api/category/list [32m204[0m 0.700 ms - 0[0m
[0mGET /api/category/main-list [36m304[0m 11.370 ms - -[0m
[0mGET /api/category/list [36m304[0m 11.142 ms - -[0m
[0mOPTIONS /api/category/getAllSubCategory?categoryId=2 [32m204[0m 1.786 ms - 0[0m
[0mGET /api/category/getAllSubCategory?categoryId=2 [32m200[0m 8.232 ms - 184[0m
[0mOPTIONS /api/category/create-sub-child [32m204[0m 0.623 ms - 0[0m
[0mPOST /api/category/create-sub-child [32m200[0m 13.191 ms - 55[0m
[0mOPTIONS /api/category/list [32m204[0m 0.542 ms - 0[0m
[0mGET /api/category/list [32m200[0m 7.954 ms - 449[0m
[0mOPTIONS /api/product/getAllproductList [32m204[0m 1.073 ms - 0[0m
[0mGET /api/product/getAllproductList [36m304[0m 5.525 ms - -[0m
[0mOPTIONS /api/category/main-list [32m204[0m 1.717 ms - 0[0m
[0mGET /api/category/main-list [36m304[0m 6.199 ms - -[0m
[0mOPTIONS /api/category/getAllSubCategory?categoryId=1 [32m204[0m 1.413 ms - 0[0m
[0mGET /api/category/getAllSubCategory?categoryId=1 [32m200[0m 10.122 ms - 181[0m
[0mOPTIONS /api/category/getAllSubChildCategory?subcategoryId=1 [32m204[0m 0.684 ms - 0[0m
[0mGET /api/category/getAllSubChildCategory?subcategoryId=1 [32m200[0m 6.398 ms - 158[0m
[0mOPTIONS /api/category/getAllSubCategory?categoryId=2 [32m204[0m 1.458 ms - 0[0m
[0mGET /api/category/getAllSubCategory?categoryId=2 [36m304[0m 10.559 ms - -[0m
[0mOPTIONS /api/category/getAllSubChildCategory?subcategoryId=2 [32m204[0m 0.798 ms - 0[0m
[0mGET /api/category/getAllSubChildCategory?subcategoryId=2 [32m200[0m 4.675 ms - 159[0m
[0mOPTIONS /api/product/add [32m204[0m 0.682 ms - 0[0m
[0mPOST /api/product/add [31m500[0m 555.947 ms - 3446[0m
[0mOPTIONS /api/category/main-list [32m204[0m 0.681 ms - 0[0m
[0mGET /api/category/main-list [36m304[0m 10.392 ms - -[0m
[0mOPTIONS /api/order/list [32m204[0m 1.425 ms - 0[0m
[0mOPTIONS /api/order/count [32m204[0m 0.690 ms - 0[0m
[0mGET /api/order/list [36m304[0m 4.914 ms - -[0m
[0mGET /api/order/count [36m304[0m 3.816 ms - -[0m
[0mOPTIONS /api/product/getAllproductList [32m204[0m 1.019 ms - 0[0m
[0mGET /api/product/getAllproductList [36m304[0m 7.450 ms - -[0m
[0mOPTIONS /api/product/getAllproductList [32m204[0m 0.771 ms - 0[0m
[0mGET /api/product/getAllproductList [36m304[0m 6.085 ms - -[0m
[0mOPTIONS /api/category/main-list [32m204[0m 0.666 ms - 0[0m
[0mGET /api/category/main-list [36m304[0m 8.147 ms - -[0m
[0mOPTIONS /api/category/getAllSubCategory?categoryId=2 [32m204[0m 0.623 ms - 0[0m
[0mGET /api/category/getAllSubCategory?categoryId=2 [36m304[0m 7.105 ms - -[0m
[0mOPTIONS /api/category/getAllSubChildCategory?subcategoryId=2 [32m204[0m 3.382 ms - 0[0m
[0mGET /api/category/getAllSubChildCategory?subcategoryId=2 [36m304[0m 4.368 ms - -[0m
[0mOPTIONS /api/product/add [32m204[0m 0.782 ms - 0[0m
[0mPOST /api/product/add [31m500[0m 407.821 ms - 3446[0m
[0mOPTIONS /api/category/main-list [32m204[0m 0.706 ms - 0[0m
[0mGET /api/category/main-list [36m304[0m 6.458 ms - -[0m
[0mGET /api/category/main-list [36m304[0m 10.045 ms - -[0m
[0mOPTIONS /api/category/getAllSubCategory?categoryId=1 [32m204[0m 0.731 ms - 0[0m
[0mGET /api/category/getAllSubCategory?categoryId=1 [36m304[0m 5.488 ms - -[0m
[0mOPTIONS /api/category/getAllSubChildCategory?subcategoryId=1 [32m204[0m 0.688 ms - 0[0m
[0mGET /api/category/getAllSubChildCategory?subcategoryId=1 [36m304[0m 10.079 ms - -[0m
[0mOPTIONS /api/category/main-list [32m204[0m 0.703 ms - 0[0m
[0mGET /api/category/main-list [36m304[0m 9.679 ms - -[0m
[0mGET /api/category/main-list [36m304[0m 7.423 ms - -[0m
[0mOPTIONS /api/category/main-list [32m204[0m 1.889 ms - 0[0m
[0mGET /api/category/main-list [36m304[0m 5.338 ms - -[0m
[0mGET /api/category/main-list [36m304[0m 6.618 ms - -[0m
[0mOPTIONS /api/category/main-list [32m204[0m 0.733 ms - 0[0m
[0mGET /api/category/main-list [36m304[0m 9.764 ms - -[0m
[0mGET /api/category/main-list [36m304[0m 8.373 ms - -[0m
[0mOPTIONS /api/category/main-list [32m204[0m 0.903 ms - 0[0m
[0mGET /api/category/main-list [36m304[0m 6.787 ms - -[0m
[0mGET /api/category/main-list [36m304[0m 8.530 ms - -[0m
[0mOPTIONS /api/category/getAllSubCategory?categoryId=1 [32m204[0m 0.851 ms - 0[0m
[0mGET /api/category/getAllSubCategory?categoryId=1 [36m304[0m 13.972 ms - -[0m
[0mOPTIONS /api/category/getAllSubChildCategory?subcategoryId=1 [32m204[0m 1.604 ms - 0[0m
[0mGET /api/category/getAllSubChildCategory?subcategoryId=1 [36m304[0m 6.920 ms - -[0m
[0mOPTIONS /api/category/main-list [32m204[0m 0.556 ms - 0[0m
[0mGET /api/category/main-list [36m304[0m 6.821 ms - -[0m
[0mOPTIONS /api/category/getAllSubCategory?categoryId=1 [32m204[0m 1.335 ms - 0[0m
[0mGET /api/category/getAllSubCategory?categoryId=1 [36m304[0m 11.700 ms - -[0m
[0mOPTIONS /api/category/getAllSubChildCategory?subcategoryId=1 [32m204[0m 1.556 ms - 0[0m
[0mGET /api/category/getAllSubChildCategory?subcategoryId=1 [36m304[0m 5.112 ms - -[0m
[0mOPTIONS /api/product/add [32m204[0m 1.499 ms - 0[0m
[0mPOST /api/product/add [31m500[0m 681.811 ms - 3446[0m
[0mOPTIONS /api/product/add [32m204[0m 6.312 ms - 0[0m
[0mPOST /api/product/add [31m500[0m 6432.067 ms - 3446[0m
[0mOPTIONS /api/product/add [32m204[0m 1.249 ms - 0[0m
[0mPOST /api/product/add [31m500[0m 568.753 ms - 3446[0m
[0mOPTIONS /api/product/add [32m204[0m 13.078 ms - 0[0m
[0mPOST /api/product/add [31m500[0m 520.309 ms - 3446[0m
[0mOPTIONS /api/product/add [32m204[0m 6.444 ms - 0[0m
[0mPOST /api/product/add [31m500[0m 413.862 ms - 3446[0m
[0mOPTIONS /api/product/add [32m204[0m 4.785 ms - 0[0m
[0mPOST /api/product/add [31m500[0m 46.065 ms - 3636[0m
[0mOPTIONS /api/product/add [32m204[0m 12.080 ms - 0[0m
[0mPOST /api/product/add [31m500[0m 66.367 ms - 3636[0m
[0mOPTIONS /api/product/add [32m204[0m 7.843 ms - 0[0m
[0mOPTIONS /api/product/add [32m204[0m 9.046 ms - 0[0m
[0mOPTIONS /api/product/add [32m204[0m 11.176 ms - 0[0m
[0mOPTIONS /api/category/main-list [32m204[0m 1.307 ms - 0[0m
[0mGET /api/category/main-list [36m304[0m 18.820 ms - -[0m
[0mOPTIONS /api/category/getAllSubCategory?categoryId=2 [32m204[0m 0.982 ms - 0[0m
[0mGET /api/category/getAllSubCategory?categoryId=2 [36m304[0m 19.172 ms - -[0m
[0mOPTIONS /api/category/getAllSubChildCategory?subcategoryId=2 [32m204[0m 2.442 ms - 0[0m
[0mGET /api/category/getAllSubChildCategory?subcategoryId=2 [36m304[0m 9.601 ms - -[0m
[0mOPTIONS /api/product/add [32m204[0m 0.845 ms - 0[0m
[0mPOST /api/product/add [36m302[0m 9.184 ms - 33[0m
[0mOPTIONS /auth/login [32m204[0m 0.718 ms - 0[0m
[0mGET /auth/login [33m404[0m 18.269 ms - 6619[0m
[0mOPTIONS /api/product/add [32m204[0m 1.708 ms - 0[0m
[0mPOST /api/product/add [36m302[0m 8.962 ms - 33[0m
[0mOPTIONS /auth/login [32m204[0m 1.201 ms - 0[0m
[0mGET /auth/login [33m404[0m 4.073 ms - 6619[0m
[0mOPTIONS /api/auth/rootLogin [32m204[0m 0.764 ms - 0[0m
[0mPOST /api/auth/rootLogin [32m200[0m 260.966 ms - 211[0m
[0mOPTIONS /api/order/list [32m204[0m 1.167 ms - 0[0m
[0mOPTIONS /api/order/count [32m204[0m 1.143 ms - 0[0m
[0mGET /api/order/list [36m304[0m 29.523 ms - -[0m
[0mGET /api/order/count [36m304[0m 29.330 ms - -[0m
[0mOPTIONS /api/product/getAllproductList [32m204[0m 2.589 ms - 0[0m
[0mGET /api/product/getAllproductList [36m304[0m 9.297 ms - -[0m
[0mOPTIONS /api/category/main-list [32m204[0m 0.911 ms - 0[0m
[0mGET /api/category/main-list [36m304[0m 13.056 ms - -[0m
[0mOPTIONS /api/category/getAllSubCategory?categoryId=1 [32m204[0m 2.010 ms - 0[0m
[0mGET /api/category/getAllSubCategory?categoryId=1 [36m304[0m 13.167 ms - -[0m
[0mOPTIONS /api/category/getAllSubChildCategory?subcategoryId=1 [32m204[0m 1.045 ms - 0[0m
[0mGET /api/category/getAllSubChildCategory?subcategoryId=1 [36m304[0m 5.596 ms - -[0m
[0mOPTIONS /api/product/add [32m204[0m 1.166 ms - 0[0m
[0mOPTIONS /api/product/getAllproductList [32m204[0m 0.915 ms - 0[0m
[0mGET /api/product/getAllproductList [36m304[0m 5.345 ms - -[0m
[0mOPTIONS /api/category/main-list [32m204[0m 0.698 ms - 0[0m
[0mGET /api/category/main-list [36m304[0m 7.324 ms - -[0m
[0mOPTIONS /api/category/getAllSubCategory?categoryId=1 [32m204[0m 0.621 ms - 0[0m
[0mGET /api/category/getAllSubCategory?categoryId=1 [36m304[0m 7.608 ms - -[0m
[0mOPTIONS /api/category/getAllSubChildCategory?subcategoryId=1 [32m204[0m 1.499 ms - 0[0m
[0mGET /api/category/getAllSubChildCategory?subcategoryId=1 [36m304[0m 10.912 ms - -[0m
[0mOPTIONS /api/product/add [32m204[0m 1.035 ms - 0[0m
[0mOPTIONS /api/product/add [32m204[0m 8.244 ms - 0[0m
[0mOPTIONS /api/category/main-list [32m204[0m 1.297 ms - 0[0m
[0mGET /api/category/main-list [36m304[0m 14.744 ms - -[0m
[0mOPTIONS /api/category/main-list [32m204[0m 0.877 ms - 0[0m
[0mGET /api/category/main-list [36m304[0m 11.120 ms - -[0m
[0mGET /api/category/main-list [36m304[0m 12.374 ms - -[0m
[0mGET /api/category/main-list [36m304[0m 8.942 ms - -[0m
[0mOPTIONS /api/category/main-list [32m204[0m 1.105 ms - 0[0m
[0mGET /api/category/main-list [36m304[0m 10.416 ms - -[0m
[0mOPTIONS /api/category/main-list [32m204[0m 1.138 ms - 0[0m
[0mGET /api/category/main-list [36m304[0m 8.041 ms - -[0m
[0mOPTIONS /api/category/getAllSubCategory?categoryId=1 [32m204[0m 2.093 ms - 0[0m
[0mGET /api/category/getAllSubCategory?categoryId=1 [36m304[0m 14.274 ms - -[0m
[0mOPTIONS /api/category/getAllSubChildCategory?subcategoryId=1 [32m204[0m 2.258 ms - 0[0m
[0mGET /api/category/getAllSubChildCategory?subcategoryId=1 [36m304[0m 13.159 ms - -[0m
[0mOPTIONS /api/product/add [32m204[0m 1.676 ms - 0[0m
[0mOPTIONS /api/category/main-list [32m204[0m 0.977 ms - 0[0m
[0mGET /api/category/main-list [36m304[0m 7.652 ms - -[0m
[0mOPTIONS /api/category/main-list [32m204[0m 0.763 ms - 0[0m
[0mGET /api/category/main-list [36m304[0m 17.370 ms - -[0m
[0mOPTIONS /api/category/main-list [32m204[0m 0.737 ms - 0[0m
[0mGET /api/category/main-list [36m304[0m 7.529 ms - -[0m
[0mGET /api/category/main-list [36m304[0m 8.551 ms - -[0m
[0mOPTIONS /api/category/getAllSubCategory?categoryId=1 [32m204[0m 0.959 ms - 0[0m
[0mGET /api/category/getAllSubCategory?categoryId=1 [36m304[0m 8.883 ms - -[0m
[0mOPTIONS /api/category/getAllSubChildCategory?subcategoryId=1 [32m204[0m 1.464 ms - 0[0m
[0mGET /api/category/getAllSubChildCategory?subcategoryId=1 [36m304[0m 6.672 ms - -[0m
[0mOPTIONS /api/category/main-list [32m204[0m 0.803 ms - 0[0m
[0mGET /api/category/main-list [32m200[0m 7.979 ms - 386[0m
[0mOPTIONS /api/category/getAllSubCategory?categoryId=1 [32m204[0m 1.701 ms - 0[0m
[0mGET /api/category/getAllSubCategory?categoryId=1 [36m304[0m 7.314 ms - -[0m
[0mOPTIONS /api/category/main-list [32m204[0m 1.765 ms - 0[0m
[0mGET /api/category/main-list [36m304[0m 22.375 ms - -[0m
[0mOPTIONS /api/product/getAllproductList [32m204[0m 0.788 ms - 0[0m
[0mGET /api/product/getAllproductList [36m304[0m 10.388 ms - -[0m
[0mOPTIONS /api/category/main-list [32m204[0m 1.283 ms - 0[0m
[0mGET /api/category/main-list [36m304[0m 17.375 ms - -[0m
[0mOPTIONS /api/category/getAllSubCategory?categoryId=3 [32m204[0m 0.734 ms - 0[0m
[0mGET /api/category/getAllSubCategory?categoryId=3 [32m200[0m 6.221 ms - 26[0m
[0mOPTIONS /api/category/getAllSubCategory?categoryId=1 [32m204[0m 1.484 ms - 0[0m
[0mGET /api/category/getAllSubCategory?categoryId=1 [36m304[0m 15.102 ms - -[0m
[0mOPTIONS /api/category/getAllSubChildCategory?subcategoryId=1 [32m204[0m 1.680 ms - 0[0m
[0mGET /api/category/getAllSubChildCategory?subcategoryId=1 [36m304[0m 8.369 ms - -[0m
[0mOPTIONS /api/auth/rootLogin [32m204[0m 13.040 ms - 0[0m
[0mPOST /api/auth/rootLogin [32m200[0m 473.749 ms - 211[0m
[0mOPTIONS /api/order/list [32m204[0m 1.568 ms - 0[0m
[0mOPTIONS /api/order/count [32m204[0m 1.397 ms - 0[0m
[0mGET /api/order/list [32m200[0m 41.518 ms - 27[0m
[0mGET /api/order/count [32m200[0m 33.165 ms - 26[0m
[0mOPTIONS /api/category/main-list [32m204[0m 11.150 ms - 0[0m
[0mGET /api/category/main-list [32m200[0m 60.023 ms - 386[0m
[0mOPTIONS /api/category/getAllSubCategory?categoryId=1 [32m204[0m 1.272 ms - 0[0m
[0mGET /api/category/getAllSubCategory?categoryId=1 [32m200[0m 26.008 ms - 181[0m
[0mOPTIONS /api/category/getAllSubChildCategory?subcategoryId=1 [32m204[0m 2.200 ms - 0[0m
[0mGET /api/category/getAllSubChildCategory?subcategoryId=1 [32m200[0m 18.331 ms - 158[0m
[0mOPTIONS /api/product/add [32m204[0m 1.045 ms - 0[0m
[0mOPTIONS /api/product/add [32m204[0m 10.330 ms - 0[0m
[0mOPTIONS /api/category/main-list [32m204[0m 20.204 ms - 0[0m
[0mGET /api/category/main-list [36m302[0m 45.618 ms - 33[0m
[0mGET /api/category/main-list [36m302[0m 19.688 ms - 33[0m
[0mOPTIONS /auth/login [32m204[0m 1.502 ms - 0[0m
[0mGET /auth/login [33m404[0m 34.959 ms - 6619[0m
[0mGET /auth/login [33m404[0m 11.981 ms - 6619[0m
[0mOPTIONS /api/category/main-list [32m204[0m 1.868 ms - 0[0m
[0mGET /api/category/main-list [36m302[0m 28.692 ms - 33[0m
[0mOPTIONS /auth/login [32m204[0m 1.744 ms - 0[0m
[0mGET /auth/login [33m404[0m 11.364 ms - 6619[0m
[0mGET /api/category/main-list [36m302[0m 11.796 ms - 33[0m
[0mGET /auth/login [33m404[0m 11.265 ms - 6619[0m
[0mOPTIONS /api/category/main-list [32m204[0m 1.455 ms - 0[0m
[0mGET /api/category/main-list [36m302[0m 16.666 ms - 33[0m
[0mOPTIONS /auth/login [32m204[0m 1.492 ms - 0[0m
[0mGET /auth/login [33m404[0m 7.806 ms - 6619[0m
[0mOPTIONS /api/auth/rootLogin [32m204[0m 1.394 ms - 0[0m
[0mPOST /api/auth/rootLogin [32m200[0m 376.529 ms - 211[0m
[0mOPTIONS /api/order/list [32m204[0m 1.978 ms - 0[0m
[0mOPTIONS /api/order/count [32m204[0m 1.537 ms - 0[0m
[0mGET /api/order/list [36m304[0m 60.105 ms - -[0m
[0mGET /api/order/count [36m304[0m 48.727 ms - -[0m
[0mOPTIONS /api/category/main-list [32m204[0m 1.157 ms - 0[0m
[0mGET /api/category/main-list [32m200[0m 24.000 ms - 386[0m
[0mOPTIONS /api/category/getAllSubCategory?categoryId=1 [32m204[0m 1.347 ms - 0[0m
[0mGET /api/category/getAllSubCategory?categoryId=1 [36m304[0m 29.121 ms - -[0m
[0mOPTIONS /api/category/getAllSubChildCategory?subcategoryId=1 [32m204[0m 2.117 ms - 0[0m
[0mGET /api/category/getAllSubChildCategory?subcategoryId=1 [36m304[0m 12.970 ms - -[0m
[0mOPTIONS /api/product/add [32m204[0m 1.377 ms - 0[0m
[0mOPTIONS /api/category/main-list [32m204[0m 2.723 ms - 0[0m
[0mGET /api/category/main-list [36m304[0m 15.040 ms - -[0m
[0mGET /api/category/main-list [36m304[0m 14.593 ms - -[0m
[0mGET /api/category/main-list [36m304[0m 10.595 ms - -[0m
[0mOPTIONS /api/category/main-list [32m204[0m 1.429 ms - 0[0m
[0mGET /api/category/main-list [36m304[0m 15.838 ms - -[0m
[0mOPTIONS /api/category/main-list [32m204[0m 1.365 ms - 0[0m
[0mGET /api/category/main-list [36m304[0m 14.851 ms - -[0m
[0mGET /api/category/main-list [36m304[0m 14.500 ms - -[0m
[0mOPTIONS /api/category/main-list [32m204[0m 2.107 ms - 0[0m
[0mGET /api/category/main-list [36m304[0m 23.903 ms - -[0m
[0mGET /api/category/main-list [36m304[0m 20.131 ms - -[0m
[0mOPTIONS /api/category/main-list [32m204[0m 1.343 ms - 0[0m
[0mGET /api/category/main-list [36m304[0m 19.583 ms - -[0m
[0mGET /api/category/main-list [36m304[0m 12.302 ms - -[0m
[0mOPTIONS /api/category/main-list [32m204[0m 1.510 ms - 0[0m
[0mGET /api/category/main-list [36m304[0m 21.610 ms - -[0m
[0mOPTIONS /api/category/getAllSubCategory?categoryId=1 [32m204[0m 1.835 ms - 0[0m
[0mGET /api/category/getAllSubCategory?categoryId=1 [36m304[0m 19.013 ms - -[0m
[0mOPTIONS /api/category/main-list [32m204[0m 3.031 ms - 0[0m
[0mGET /api/category/main-list [36m304[0m 17.474 ms - -[0m
[0mOPTIONS /api/category/getAllSubCategory?categoryId=1 [32m204[0m 1.522 ms - 0[0m
[0mGET /api/category/getAllSubCategory?categoryId=1 [36m304[0m 12.771 ms - -[0m
[0mOPTIONS /api/category/getAllSubChildCategory?subcategoryId=1 [32m204[0m 1.467 ms - 0[0m
[0mGET /api/category/getAllSubChildCategory?subcategoryId=1 [36m304[0m 8.304 ms - -[0m
[0mOPTIONS /api/product/add [32m204[0m 1.354 ms - 0[0m
[0mOPTIONS /api/category/main-list [32m204[0m 5.914 ms - 0[0m
[0mGET /api/category/main-list [36m304[0m 16.787 ms - -[0m
[0mOPTIONS /api/category/main-list [32m204[0m 1.293 ms - 0[0m
[0mGET /api/category/main-list [36m304[0m 12.027 ms - -[0m
[0mOPTIONS /api/category/getAllSubCategory?categoryId=1 [32m204[0m 1.631 ms - 0[0m
[0mGET /api/category/getAllSubCategory?categoryId=1 [36m304[0m 17.852 ms - -[0m
[0mOPTIONS /api/category/getAllSubChildCategory?subcategoryId=1 [32m204[0m 5.312 ms - 0[0m
[0mGET /api/category/getAllSubChildCategory?subcategoryId=1 [36m304[0m 13.487 ms - -[0m
[0mOPTIONS /api/category/main-list [32m204[0m 1.432 ms - 0[0m
[0mGET /api/category/main-list [36m304[0m 13.672 ms - -[0m
[0mOPTIONS /api/category/getAllSubCategory?categoryId=1 [32m204[0m 1.618 ms - 0[0m
[0mGET /api/category/getAllSubCategory?categoryId=1 [36m304[0m 18.456 ms - -[0m
[0mOPTIONS /api/category/getAllSubChildCategory?subcategoryId=1 [32m204[0m 1.793 ms - 0[0m
[0mGET /api/category/getAllSubChildCategory?subcategoryId=1 [36m304[0m 18.330 ms - -[0m
[0mOPTIONS /api/category/main-list [32m204[0m 1.428 ms - 0[0m
[0mGET /api/category/main-list [36m304[0m 17.410 ms - -[0m
[0mOPTIONS /api/category/main-list [32m204[0m 1.299 ms - 0[0m
[0mGET /api/category/main-list [36m304[0m 19.923 ms - -[0m
[0mOPTIONS /api/category/main-list [32m204[0m 1.300 ms - 0[0m
[0mGET /api/category/main-list [36m304[0m 11.847 ms - -[0m
[0mOPTIONS /api/category/getAllSubCategory?categoryId=1 [32m204[0m 1.231 ms - 0[0m
[0mGET /api/category/getAllSubCategory?categoryId=1 [36m304[0m 14.945 ms - -[0m
[0mOPTIONS /api/category/getAllSubChildCategory?subcategoryId=1 [32m204[0m 1.741 ms - 0[0m
[0mGET /api/category/getAllSubChildCategory?subcategoryId=1 [36m304[0m 12.160 ms - -[0m
[0mOPTIONS /api/product/add [32m204[0m 1.253 ms - 0[0m
[0mOPTIONS /api/category/main-list [32m204[0m 1.294 ms - 0[0m
[0mGET /api/category/main-list [36m304[0m 20.501 ms - -[0m
[0mGET /api/category/main-list [36m304[0m 14.424 ms - -[0m
[0mOPTIONS /api/category/main-list [32m204[0m 1.179 ms - 0[0m
[0mGET /api/category/main-list [36m304[0m 12.171 ms - -[0m
[0mOPTIONS /api/category/main-list [32m204[0m 1.285 ms - 0[0m
[0mGET /api/category/main-list [36m304[0m 15.575 ms - -[0m
[0mGET /api/category/main-list [36m304[0m 10.719 ms - -[0m
[0mOPTIONS /api/category/main-list [32m204[0m 1.343 ms - 0[0m
[0mGET /api/category/main-list [36m304[0m 92.746 ms - -[0m
[0mOPTIONS /api/category/getAllSubCategory?categoryId=1 [32m204[0m 1.256 ms - 0[0m
[0mGET /api/category/getAllSubCategory?categoryId=1 [36m304[0m 18.063 ms - -[0m
[0mOPTIONS /api/category/getAllSubChildCategory?subcategoryId=1 [32m204[0m 1.316 ms - 0[0m
[0mGET /api/category/getAllSubChildCategory?subcategoryId=1 [36m304[0m 22.487 ms - -[0m
[0mOPTIONS /api/product/add [32m204[0m 1.230 ms - 0[0m
[0mOPTIONS /api/category/main-list [32m204[0m 1.158 ms - 0[0m
[0mGET /api/category/main-list [36m304[0m 9.623 ms - -[0m
[0mOPTIONS /api/category/main-list [32m204[0m 1.392 ms - 0[0m
[0mGET /api/category/main-list [36m304[0m 12.702 ms - -[0m
[0mOPTIONS /api/category/main-list [32m204[0m 1.125 ms - 0[0m
[0mGET /api/category/main-list [36m304[0m 15.151 ms - -[0m
[0mOPTIONS /api/category/main-list [32m204[0m 1.312 ms - 0[0m
[0mGET /api/category/main-list [36m304[0m 8.708 ms - -[0m
[0mOPTIONS /api/category/getAllSubCategory?categoryId=1 [32m204[0m 1.261 ms - 0[0m
[0mGET /api/category/getAllSubCategory?categoryId=1 [36m304[0m 17.368 ms - -[0m
[0mOPTIONS /api/category/getAllSubChildCategory?subcategoryId=1 [32m204[0m 1.123 ms - 0[0m
[0mGET /api/category/getAllSubChildCategory?subcategoryId=1 [36m304[0m 13.248 ms - -[0m
[0mOPTIONS /api/product/add [32m204[0m 1.410 ms - 0[0m
[0mOPTIONS /api/product/add [32m204[0m 1.165 ms - 0[0m
[0mOPTIONS /api/product/add [32m204[0m 1.260 ms - 0[0m
[0mPOST /api/product/add [0m-[0m - ms - -[0m
[0mPOST /api/product/add [0m-[0m - ms - -[0m
[0mPOST /api/product/add [0m-[0m - ms - -[0m
[0mPOST /api/product/add [0m-[0m - ms - -[0m
[0mPOST /api/product/add [0m-[0m - ms - -[0m
[0mPOST /api/product/add [0m-[0m - ms - -[0m
[0mOPTIONS /api/order/list [32m204[0m 1.306 ms - 0[0m
[0mOPTIONS /api/order/count [32m204[0m 0.915 ms - 0[0m
[0mGET /api/order/list [36m304[0m 26.511 ms - -[0m
[0mGET /api/order/count [36m304[0m 24.602 ms - -[0m
[0mOPTIONS /api/category/main-list [32m204[0m 0.876 ms - 0[0m
[0mGET /api/category/main-list [36m304[0m 10.157 ms - -[0m
[0mOPTIONS /api/category/getAllSubCategory?categoryId=2 [32m204[0m 1.806 ms - 0[0m
[0mGET /api/category/getAllSubCategory?categoryId=2 [32m200[0m 12.662 ms - 184[0m
[0mOPTIONS /api/category/getAllSubChildCategory?subcategoryId=2 [32m204[0m 1.295 ms - 0[0m
[0mGET /api/category/getAllSubChildCategory?subcategoryId=2 [32m200[0m 8.632 ms - 159[0m
[0mOPTIONS /api/product/add [32m204[0m 1.285 ms - 0[0m
[0mOPTIONS /api/category/main-list [32m204[0m 1.308 ms - 0[0m
[0mGET /api/category/main-list [36m304[0m 17.788 ms - -[0m
[0mOPTIONS /api/category/main-list [32m204[0m 13.404 ms - 0[0m
[0mGET /api/category/main-list [36m304[0m 63.478 ms - -[0m
[0mGET /api/category/main-list [36m304[0m 24.580 ms - -[0m
[0mGET /api/category/main-list [36m304[0m 21.255 ms - -[0m
[0mOPTIONS /api/category/main-list [32m204[0m 1.878 ms - 0[0m
[0mGET /api/category/main-list [36m304[0m 18.150 ms - -[0m
[0mOPTIONS /api/category/main-list [32m204[0m 1.792 ms - 0[0m
[0mGET /api/category/main-list [36m304[0m 18.250 ms - -[0m
[0mOPTIONS /api/category/main-list [32m204[0m 2.184 ms - 0[0m
[0mGET /api/category/main-list [36m304[0m 16.510 ms - -[0m
[0mOPTIONS /api/category/main-list [32m204[0m 2.464 ms - 0[0m
[0mGET /api/category/main-list [36m304[0m 17.788 ms - -[0m
[0mOPTIONS /api/category/main-list [32m204[0m 1.543 ms - 0[0m
[0mGET /api/category/main-list [36m304[0m 18.512 ms - -[0m
[0mOPTIONS /api/category/main-list [32m204[0m 1.713 ms - 0[0m
[0mGET /api/category/main-list [36m304[0m 23.548 ms - -[0m
[0mOPTIONS /api/category/main-list [32m204[0m 1.197 ms - 0[0m
[0mGET /api/category/main-list [36m304[0m 12.609 ms - -[0m
[0mOPTIONS /api/category/getAllSubCategory?categoryId=1 [32m204[0m 1.645 ms - 0[0m
[0mGET /api/category/getAllSubCategory?categoryId=1 [36m304[0m 23.111 ms - -[0m
[0mOPTIONS /api/category/getAllSubChildCategory?subcategoryId=1 [32m204[0m 2.227 ms - 0[0m
[0mGET /api/category/getAllSubChildCategory?subcategoryId=1 [36m304[0m 16.684 ms - -[0m
[0mOPTIONS /api/category/main-list [32m204[0m 1.294 ms - 0[0m
[0mGET /api/category/main-list [36m304[0m 22.111 ms - -[0m
[0mGET /api/category/main-list [36m304[0m 16.163 ms - -[0m
[0mOPTIONS /api/category/main-list [32m204[0m 1.740 ms - 0[0m
[0mGET /api/category/main-list [36m304[0m 16.602 ms - -[0m
[0mGET /api/category/main-list [36m304[0m 13.393 ms - -[0m
[0mOPTIONS /api/category/main-list [32m204[0m 1.410 ms - 0[0m
[0mGET /api/category/main-list [36m304[0m 19.865 ms - -[0m
[0mGET /api/category/main-list [36m304[0m 14.374 ms - -[0m
[0mOPTIONS /api/category/main-list [32m204[0m 1.355 ms - 0[0m
[0mGET /api/category/main-list [36m304[0m 14.098 ms - -[0m
[0mOPTIONS /api/category/main-list [32m204[0m 1.819 ms - 0[0m
[0mGET /api/category/main-list [36m304[0m 16.133 ms - -[0m
[0mOPTIONS /api/category/main-list [32m204[0m 1.533 ms - 0[0m
[0mGET /api/category/main-list [36m304[0m 19.806 ms - -[0m
[0mGET /api/category/main-list [36m304[0m 17.571 ms - -[0m
[0mOPTIONS /api/category/main-list [32m204[0m 1.468 ms - 0[0m
[0mGET /api/category/main-list [36m304[0m 16.877 ms - -[0m
[0mGET /api/category/main-list [36m304[0m 17.287 ms - -[0m
[0mOPTIONS /api/category/main-list [32m204[0m 1.004 ms - 0[0m
[0mGET /api/category/main-list [36m304[0m 19.558 ms - -[0m
[0mOPTIONS /api/category/main-list [32m204[0m 1.485 ms - 0[0m
[0mGET /api/category/main-list [36m304[0m 20.135 ms - -[0m
[0mGET /api/category/main-list [36m304[0m 22.393 ms - -[0m
[0mOPTIONS /api/category/main-list [32m204[0m 1.618 ms - 0[0m
[0mGET /api/category/main-list [36m304[0m 19.241 ms - -[0m
[0mOPTIONS /api/category/getAllSubCategory?categoryId=1 [32m204[0m 1.650 ms - 0[0m
[0mGET /api/category/getAllSubCategory?categoryId=1 [36m304[0m 30.399 ms - -[0m
[0mOPTIONS /api/category/getAllSubChildCategory?subcategoryId=1 [32m204[0m 1.498 ms - 0[0m
[0mGET /api/category/getAllSubChildCategory?subcategoryId=1 [36m304[0m 13.839 ms - -[0m
[0mOPTIONS /api/product/add [32m204[0m 1.339 ms - 0[0m
[0mOPTIONS /api/product/add [32m204[0m 9.351 ms - 0[0m
[0mPOST /api/product/add [36m302[0m 29.369 ms - 33[0m
[0mOPTIONS /auth/login [32m204[0m 1.290 ms - 0[0m
[0mGET /auth/login [33m404[0m 14.202 ms - 6619[0m
[0mOPTIONS /api/auth/rootLogin [32m204[0m 1.886 ms - 0[0m
[0mPOST /api/auth/rootLogin [32m200[0m 369.490 ms - 211[0m
[0mOPTIONS /api/order/list [32m204[0m 1.312 ms - 0[0m
[0mOPTIONS /api/order/count [32m204[0m 1.926 ms - 0[0m
[0mGET /api/order/list [36m304[0m 39.980 ms - -[0m
[0mGET /api/order/count [36m304[0m 30.753 ms - -[0m
[0mOPTIONS /api/category/main-list [32m204[0m 1.615 ms - 0[0m
[0mGET /api/category/main-list [36m304[0m 20.435 ms - -[0m
[0mOPTIONS /api/category/getAllSubCategory?categoryId=1 [32m204[0m 1.833 ms - 0[0m
[0mGET /api/category/getAllSubCategory?categoryId=1 [36m304[0m 16.816 ms - -[0m
[0mOPTIONS /api/category/getAllSubChildCategory?subcategoryId=1 [32m204[0m 1.775 ms - 0[0m
[0mGET /api/category/getAllSubChildCategory?subcategoryId=1 [36m304[0m 11.814 ms - -[0m
[0mOPTIONS /api/product/add [32m204[0m 2.290 ms - 0[0m
[0mOPTIONS /api/order/list [32m204[0m 8.067 ms - 0[0m
[0mOPTIONS /api/order/count [32m204[0m 2.106 ms - 0[0m
[0mGET /api/order/list [36m304[0m 37.505 ms - -[0m
[0mGET /api/order/count [36m304[0m 21.493 ms - -[0m
[0mOPTIONS /api/category/main-list [32m204[0m 1.429 ms - 0[0m
[0mGET /api/category/main-list [36m304[0m 24.498 ms - -[0m
[0mOPTIONS /api/category/getAllSubCategory?categoryId=2 [32m204[0m 1.650 ms - 0[0m
[0mGET /api/category/getAllSubCategory?categoryId=2 [36m304[0m 16.196 ms - -[0m
[0mOPTIONS /api/category/getAllSubChildCategory?subcategoryId=2 [32m204[0m 2.705 ms - 0[0m
[0mGET /api/category/getAllSubChildCategory?subcategoryId=2 [36m304[0m 14.428 ms - -[0m
[0mOPTIONS /api/product/add [32m204[0m 1.177 ms - 0[0m
[0mOPTIONS /api/product/add [32m204[0m 8.466 ms - 0[0m
[0mOPTIONS /api/category/main-list [32m204[0m 12.857 ms - 0[0m
[0mGET /api/category/main-list [36m304[0m 45.476 ms - -[0m
[0mGET /api/category/main-list [36m304[0m 19.226 ms - -[0m
[0mGET /api/category/main-list [36m304[0m 14.325 ms - -[0m
[0mOPTIONS /api/category/main-list [32m204[0m 1.449 ms - 0[0m
[0mGET /api/category/main-list [36m304[0m 16.918 ms - -[0m
[0mGET /api/category/main-list [36m304[0m 19.760 ms - -[0m
[0mOPTIONS /api/category/main-list [32m204[0m 1.950 ms - 0[0m
[0mGET /api/category/main-list [36m304[0m 25.296 ms - -[0m
[0mOPTIONS /api/category/main-list [32m204[0m 2.538 ms - 0[0m
[0mGET /api/category/main-list [36m304[0m 11.747 ms - -[0m
[0mGET /api/category/main-list [36m304[0m 12.958 ms - -[0m
[0mGET /api/category/main-list [36m304[0m 14.841 ms - -[0m
[0mGET /api/category/main-list [36m304[0m 10.461 ms - -[0m
[0mOPTIONS /api/category/main-list [32m204[0m 1.513 ms - 0[0m
[0mGET /api/category/main-list [36m304[0m 12.346 ms - -[0m
[0mGET /api/category/main-list [36m304[0m 21.453 ms - -[0m
[0mGET /api/category/main-list [36m304[0m 26.315 ms - -[0m
[0mGET /api/category/main-list [36m304[0m 12.936 ms - -[0m
[0mGET /api/category/main-list [36m304[0m 15.500 ms - -[0m
[0mGET /api/category/main-list [36m304[0m 8.947 ms - -[0m
[0mOPTIONS /api/category/main-list [32m204[0m 1.510 ms - 0[0m
[0mGET /api/category/main-list [36m304[0m 16.078 ms - -[0m
[0mGET /api/category/main-list [36m304[0m 12.152 ms - -[0m
[0mOPTIONS /api/category/getAllSubCategory?categoryId=2 [32m204[0m 1.574 ms - 0[0m
[0mGET /api/category/getAllSubCategory?categoryId=2 [36m304[0m 26.706 ms - -[0m
[0mOPTIONS /api/category/getAllSubChildCategory?subcategoryId=2 [32m204[0m 1.752 ms - 0[0m
[0mGET /api/category/getAllSubChildCategory?subcategoryId=2 [36m304[0m 16.446 ms - -[0m
[0mOPTIONS /api/product/add [32m204[0m 1.880 ms - 0[0m
[0mOPTIONS /api/category/main-list [32m204[0m 1.575 ms - 0[0m
[0mGET /api/category/main-list [36m304[0m 27.013 ms - -[0m
[0mGET /api/category/main-list [36m304[0m 12.614 ms - -[0m
[0mOPTIONS /api/category/getAllSubCategory?categoryId=1 [32m204[0m 8.319 ms - 0[0m
[0mGET /api/category/getAllSubCategory?categoryId=1 [36m304[0m 44.299 ms - -[0m
[0mOPTIONS /api/category/getAllSubChildCategory?subcategoryId=1 [32m204[0m 2.204 ms - 0[0m
[0mGET /api/category/getAllSubChildCategory?subcategoryId=1 [36m304[0m 24.290 ms - -[0m
[0mOPTIONS /api/product/add [32m204[0m 2.648 ms - 0[0m
[0mOPTIONS /api/product/add [32m204[0m 10.156 ms - 0[0m
[0mPOST /api/product/add [32m200[0m 113.888 ms - 54[0m
[0mOPTIONS /api/product/getAllproductList [32m204[0m 2.198 ms - 0[0m
[0mGET /api/product/getAllproductList [32m200[0m 37.436 ms - 481[0m
[0mOPTIONS /api/category/main-list [32m204[0m 9.178 ms - 0[0m
[0mGET /api/category/main-list [36m304[0m 44.761 ms - -[0m
[0mOPTIONS /api/category/getAllSubCategory?categoryId=1 [32m204[0m 1.607 ms - 0[0m
[0mGET /api/category/getAllSubCategory?categoryId=1 [36m304[0m 20.843 ms - -[0m
[0mOPTIONS /api/category/getAllSubChildCategory?subcategoryId=1 [32m204[0m 2.166 ms - 0[0m
[0mGET /api/category/getAllSubChildCategory?subcategoryId=1 [36m304[0m 11.216 ms - -[0m
[0mOPTIONS /api/product/add [32m204[0m 2.144 ms - 0[0m
[0mPOST /api/product/add [32m200[0m 89.183 ms - 54[0m
[0mOPTIONS /api/product/getAllproductList [32m204[0m 2.046 ms - 0[0m
[0mGET /api/product/getAllproductList [32m200[0m 27.327 ms - 913[0m
[0mOPTIONS /api/product/update [32m204[0m 7.931 ms - 0[0m
[0mPOST /api/product/update [32m200[0m 71.374 ms - 45[0m
[0mOPTIONS /api/product/getAllproductList [32m204[0m 1.983 ms - 0[0m
[0mGET /api/product/getAllproductList [32m200[0m 32.214 ms - 920[0m
[0mOPTIONS /api/category/main-list [32m204[0m 1.473 ms - 0[0m
[0mGET /api/category/main-list [36m304[0m 31.549 ms - -[0m
[0mOPTIONS /api/category/getAllSubCategory?categoryId=2 [32m204[0m 1.223 ms - 0[0m
[0mGET /api/category/getAllSubCategory?categoryId=2 [36m304[0m 15.092 ms - -[0m
[0mOPTIONS /api/category/getAllSubChildCategory?subcategoryId=2 [32m204[0m 1.813 ms - 0[0m
[0mGET /api/category/getAllSubChildCategory?subcategoryId=2 [36m304[0m 15.948 ms - -[0m
[0mOPTIONS /api/product/add [32m204[0m 1.569 ms - 0[0m
[0mPOST /api/product/add [36m302[0m 14.189 ms - 33[0m
[0mOPTIONS /auth/login [32m204[0m 1.443 ms - 0[0m
[0mGET /auth/login [33m404[0m 3.840 ms - 149[0m
[0mOPTIONS /api/auth/rootLogin [32m204[0m 1.679 ms - 0[0m
[0mPOST /api/auth/rootLogin [32m200[0m 373.243 ms - 211[0m
[0mOPTIONS /api/order/list [32m204[0m 1.195 ms - 0[0m
[0mOPTIONS /api/order/count [32m204[0m 1.783 ms - 0[0m
[0mGET /api/order/list [36m304[0m 28.675 ms - -[0m
[0mGET /api/order/count [36m304[0m 11.812 ms - -[0m
[0mOPTIONS /api/category/main-list [32m204[0m 1.705 ms - 0[0m
[0mGET /api/category/main-list [36m304[0m 21.243 ms - -[0m
[0mOPTIONS /api/category/getAllSubCategory?categoryId=2 [32m204[0m 1.336 ms - 0[0m
[0mGET /api/category/getAllSubCategory?categoryId=2 [36m304[0m 14.109 ms - -[0m
[0mOPTIONS /api/category/getAllSubChildCategory?subcategoryId=2 [32m204[0m 3.737 ms - 0[0m
[0mGET /api/category/getAllSubChildCategory?subcategoryId=2 [36m304[0m 10.600 ms - -[0m
[0mOPTIONS /api/product/add [32m204[0m 1.738 ms - 0[0m
[0mPOST /api/product/add [32m200[0m 73.510 ms - 54[0m
[0mOPTIONS /api/product/getAllproductList [32m204[0m 1.678 ms - 0[0m
[0mGET /api/product/getAllproductList [32m200[0m 25.537 ms - 1382[0m
[0mOPTIONS /api/category/main-list [32m204[0m 13.964 ms - 0[0m
[0mGET /api/category/main-list [36m304[0m 73.958 ms - -[0m
[0mOPTIONS /api/category/getAllSubCategory?categoryId=1 [32m204[0m 1.354 ms - 0[0m
[0mGET /api/category/getAllSubCategory?categoryId=1 [36m304[0m 24.171 ms - -[0m
[0mOPTIONS /api/category/getAllSubChildCategory?subcategoryId=1 [32m204[0m 2.107 ms - 0[0m
[0mGET /api/category/getAllSubChildCategory?subcategoryId=1 [36m304[0m 16.773 ms - -[0m
[0mOPTIONS /api/product/add [32m204[0m 1.302 ms - 0[0m
[0mPOST /api/product/add [32m200[0m 95.990 ms - 54[0m
[0mOPTIONS /api/product/getAllproductList [32m204[0m 2.022 ms - 0[0m
[0mGET /api/product/getAllproductList [32m200[0m 26.602 ms - 1849[0m
[0mOPTIONS /api/category/main-list [32m204[0m 11.364 ms - 0[0m
[0mGET /api/category/main-list [36m304[0m 61.549 ms - -[0m
[0mOPTIONS /api/category/getAllSubCategory?categoryId=1 [32m204[0m 2.028 ms - 0[0m
[0mGET /api/category/getAllSubCategory?categoryId=1 [36m304[0m 23.049 ms - -[0m
[0mOPTIONS /api/category/getAllSubChildCategory?subcategoryId=1 [32m204[0m 1.386 ms - 0[0m
[0mGET /api/category/getAllSubChildCategory?subcategoryId=1 [36m304[0m 12.739 ms - -[0m
[0mOPTIONS /api/product/add [32m204[0m 1.426 ms - 0[0m
[0mPOST /api/product/add [32m200[0m 102.714 ms - 54[0m
[0mOPTIONS /api/product/getAllproductList [32m204[0m 1.609 ms - 0[0m
[0mGET /api/product/getAllproductList [32m200[0m 31.529 ms - 2298[0m
[0mOPTIONS /api/product/getAllproductList [32m204[0m 14.007 ms - 0[0m
[0mGET /api/product/getAllproductList [36m304[0m 69.068 ms - -[0m
[0mOPTIONS /api/category/main-list [32m204[0m 1.962 ms - 0[0m
[0mGET /api/category/main-list [36m302[0m 34.509 ms - 33[0m
[0mOPTIONS /auth/login [32m204[0m 1.913 ms - 0[0m
[0mGET /auth/login [33m404[0m 5.558 ms - 149[0m
[0mGET /api/product/getAllproductList [36m304[0m 34.751 ms - -[0m
[0mGET /api/category/main-list [36m302[0m 15.769 ms - 33[0m
[0mGET /auth/login [33m404[0m 3.664 ms - 149[0m
[0mOPTIONS /api/product/getAllproductList [32m204[0m 2.054 ms - 0[0m
[0mGET /api/product/getAllproductList [36m304[0m 21.759 ms - -[0m
[0mOPTIONS /api/category/main-list [32m204[0m 1.671 ms - 0[0m
[0mGET /api/category/main-list [36m302[0m 13.298 ms - 33[0m
[0mGET /auth/login [33m404[0m 2.544 ms - 149[0m
[0mOPTIONS /api/product/getAllproductList [32m204[0m 1.855 ms - 0[0m
[0mGET /api/product/getAllproductList [36m304[0m 21.859 ms - -[0m
[0mOPTIONS /api/category/main-list [32m204[0m 1.655 ms - 0[0m
[0mGET /api/category/main-list [36m302[0m 12.493 ms - 33[0m
[0mOPTIONS /auth/login [32m204[0m 1.478 ms - 0[0m
[0mGET /auth/login [33m404[0m 2.134 ms - 149[0m
[0mGET /api/product/getAllproductList [36m304[0m 23.412 ms - -[0m
[0mGET /api/category/main-list [36m302[0m 6.229 ms - 33[0m
[0mGET /auth/login [33m404[0m 1.286 ms - 149[0m
[0mOPTIONS /api/product/getAllproductList [32m204[0m 1.373 ms - 0[0m
[0mGET /api/product/getAllproductList [36m304[0m 25.185 ms - -[0m
[0mOPTIONS /api/category/main-list [32m204[0m 1.327 ms - 0[0m
[0mGET /api/category/main-list [36m302[0m 12.043 ms - 33[0m
[0mOPTIONS /auth/login [32m204[0m 1.679 ms - 0[0m
[0mGET /auth/login [33m404[0m 2.008 ms - 149[0m
[0mOPTIONS /api/order/list [32m204[0m 3.059 ms - 0[0m
[0mOPTIONS /api/order/count [32m204[0m 1.173 ms - 0[0m
[0mGET /api/order/list [36m304[0m 36.613 ms - -[0m
[0mGET /api/order/count [36m304[0m 42.131 ms - -[0m
[0mOPTIONS /api/category/main-list [32m204[0m 1.140 ms - 0[0m
[0mGET /api/category/main-list [32m200[0m 13.464 ms - 386[0m
[0mOPTIONS /api/category/getAllSubCategory?categoryId=2 [32m204[0m 1.808 ms - 0[0m
[0mGET /api/category/getAllSubCategory?categoryId=2 [36m304[0m 22.995 ms - -[0m
[0mOPTIONS /api/category/getAllSubChildCategory?subcategoryId=2 [32m204[0m 1.970 ms - 0[0m
[0mGET /api/category/getAllSubChildCategory?subcategoryId=2 [36m304[0m 12.792 ms - -[0m
[0mOPTIONS /api/product/add [32m204[0m 1.120 ms - 0[0m
[0mPOST /api/product/add [32m200[0m 75.374 ms - 54[0m
[0mOPTIONS /api/product/getAllproductList [32m204[0m 1.415 ms - 0[0m
[0mGET /api/product/getAllproductList [32m200[0m 16.359 ms - 2755[0m
[0mOPTIONS /api/product/getAllproductList [32m204[0m 21.526 ms - 0[0m
[0mGET /api/product/getAllproductList [36m304[0m 97.567 ms - -[0m
[0mOPTIONS /api/category/main-list [32m204[0m 2.281 ms - 0[0m
[0mGET /api/category/main-list [36m304[0m 33.420 ms - -[0m
[0mOPTIONS /api/category/getAllSubCategory?categoryId=1 [32m204[0m 2.103 ms - 0[0m
[0mGET /api/category/getAllSubCategory?categoryId=1 [36m304[0m 17.786 ms - -[0m
[0mOPTIONS /api/category/getAllSubChildCategory?subcategoryId=1 [32m204[0m 2.541 ms - 0[0m
[0mGET /api/category/getAllSubChildCategory?subcategoryId=1 [36m304[0m 13.917 ms - -[0m
[0mOPTIONS /api/category/main-list [32m204[0m 1.968 ms - 0[0m
[0mGET /api/category/main-list [36m304[0m 26.029 ms - -[0m
[0mOPTIONS /api/category/getAllSubCategory?categoryId=1 [32m204[0m 2.072 ms - 0[0m
[0mGET /api/category/getAllSubCategory?categoryId=1 [36m304[0m 18.032 ms - -[0m
[0mOPTIONS /api/category/getAllSubChildCategory?subcategoryId=1 [32m204[0m 1.857 ms - 0[0m
[0mGET /api/category/getAllSubChildCategory?subcategoryId=1 [36m304[0m 9.350 ms - -[0m
[0mOPTIONS /api/category/main-list [32m204[0m 1.607 ms - 0[0m
[0mGET /api/category/main-list [36m304[0m 17.144 ms - -[0m
[0mGET /api/category/main-list [36m304[0m 17.593 ms - -[0m
[0mGET /api/category/main-list [36m304[0m 18.875 ms - -[0m
[0mOPTIONS /api/category/main-list [32m204[0m 1.935 ms - 0[0m
[0mGET /api/category/main-list [36m304[0m 17.350 ms - -[0m
[0mOPTIONS /api/category/getAllSubCategory?categoryId=1 [32m204[0m 1.331 ms - 0[0m
[0mGET /api/category/getAllSubCategory?categoryId=1 [36m304[0m 15.449 ms - -[0m
[0mOPTIONS /api/category/getAllSubChildCategory?subcategoryId=1 [32m204[0m 1.721 ms - 0[0m
[0mGET /api/category/getAllSubChildCategory?subcategoryId=1 [36m304[0m 12.136 ms - -[0m
[0mOPTIONS /api/product/add [32m204[0m 1.331 ms - 0[0m
[0mPOST /api/product/add [32m200[0m 110.762 ms - 54[0m
[0mOPTIONS /api/product/getAllproductList [32m204[0m 1.599 ms - 0[0m
[0mGET /api/product/getAllproductList [32m200[0m 21.495 ms - 3206[0m
[0mOPTIONS /api/product/getAllproductList [32m204[0m 1.474 ms - 0[0m
[0mGET /api/product/getAllproductList [36m304[0m 22.298 ms - -[0m
[0mOPTIONS /api/category/main-list [32m204[0m 1.255 ms - 0[0m
[0mGET /api/category/main-list [36m304[0m 13.456 ms - -[0m
[0mOPTIONS /api/category/getAllSubCategory?categoryId=2 [32m204[0m 1.379 ms - 0[0m
[0mGET /api/category/getAllSubCategory?categoryId=2 [36m304[0m 10.318 ms - -[0m
[0mOPTIONS /api/category/getAllSubChildCategory?subcategoryId=2 [32m204[0m 1.200 ms - 0[0m
[0mGET /api/category/getAllSubChildCategory?subcategoryId=2 [36m304[0m 8.887 ms - -[0m
[0mOPTIONS /api/product/add [32m204[0m 1.168 ms - 0[0m
[0mPOST /api/product/add [32m200[0m 59.533 ms - 54[0m
[0mOPTIONS /api/product/getAllproductList [32m204[0m 1.442 ms - 0[0m
[0mGET /api/product/getAllproductList [32m200[0m 23.047 ms - 3644[0m
[0mOPTIONS /api/product/getAllproductList [32m204[0m 1.224 ms - 0[0m
[0mGET /api/product/getAllproductList [36m304[0m 20.882 ms - -[0m
[0mGET /api/product/getAllproductList [36m304[0m 31.758 ms - -[0m
[0mGET /api/product/getAllproductList [36m304[0m 18.813 ms - -[0m
[0mOPTIONS /api/product/getAllproductList [32m204[0m 2.985 ms - 0[0m
[0mGET /api/product/getAllproductList [36m304[0m 34.434 ms - -[0m
[0mOPTIONS /api/product/getAllproductList [32m204[0m 1.246 ms - 0[0m
[0mGET /api/product/getAllproductList [36m304[0m 21.977 ms - -[0m
[0mGET /api/product/getAllproductList [36m304[0m 24.129 ms - -[0m
[0mOPTIONS /api/category/main-list [32m204[0m 1.250 ms - 0[0m
[0mGET /api/category/main-list [36m304[0m 12.111 ms - -[0m
[0mOPTIONS /api/category/getAllSubCategory?categoryId=1 [32m204[0m 1.377 ms - 0[0m
[0mGET /api/category/getAllSubCategory?categoryId=1 [36m304[0m 9.217 ms - -[0m
[0mOPTIONS /api/category/getAllSubChildCategory?subcategoryId=1 [32m204[0m 1.685 ms - 0[0m
[0mGET /api/category/getAllSubChildCategory?subcategoryId=1 [36m304[0m 9.801 ms - -[0m
[0mOPTIONS /api/product/add [32m204[0m 1.142 ms - 0[0m
[0mPOST /api/product/add [32m200[0m 48.462 ms - 54[0m
[0mOPTIONS /api/product/getAllproductList [32m204[0m 1.256 ms - 0[0m
[0mGET /api/product/getAllproductList [32m200[0m 24.582 ms - 4099[0m
[0mOPTIONS /api/product/getAllproductList [32m204[0m 1.274 ms - 0[0m
[0mGET /api/product/getAllproductList [36m304[0m 20.285 ms - -[0m
[0mOPTIONS /api/category/main-list [32m204[0m 1.230 ms - 0[0m
[0mGET /api/category/main-list [36m304[0m 16.802 ms - -[0m
[0mOPTIONS /api/category/getAllSubCategory?categoryId=1 [32m204[0m 2.157 ms - 0[0m
[0mGET /api/category/getAllSubCategory?categoryId=1 [36m304[0m 16.084 ms - -[0m
[0mOPTIONS /api/category/getAllSubChildCategory?subcategoryId=1 [32m204[0m 1.732 ms - 0[0m
[0mGET /api/category/getAllSubChildCategory?subcategoryId=1 [36m304[0m 7.975 ms - -[0m
[0mOPTIONS /api/product/add [32m204[0m 1.292 ms - 0[0m
[0mPOST /api/product/add [32m200[0m 44.325 ms - 54[0m
[0mOPTIONS /api/product/getAllproductList [32m204[0m 1.812 ms - 0[0m
[0mGET /api/product/getAllproductList [32m200[0m 29.128 ms - 4541[0m
[0mOPTIONS /api/product/getAllproductList [32m204[0m 1.496 ms - 0[0m
[0mGET /api/product/getAllproductList [36m304[0m 20.084 ms - -[0m
[0mGET /api/product/getAllproductList [36m304[0m 13.804 ms - -[0m
[0mOPTIONS /api/category/main-list [32m204[0m 14.834 ms - 0[0m
[0mGET /api/category/main-list [36m304[0m 41.764 ms - -[0m
[0mOPTIONS /api/category/getAllSubCategory?categoryId=2 [32m204[0m 1.746 ms - 0[0m
[0mGET /api/category/getAllSubCategory?categoryId=2 [36m304[0m 25.130 ms - -[0m
[0mOPTIONS /api/category/getAllSubChildCategory?subcategoryId=2 [32m204[0m 2.882 ms - 0[0m
[0mGET /api/category/getAllSubChildCategory?subcategoryId=2 [36m304[0m 15.658 ms - -[0m
[0mOPTIONS /api/product/add [32m204[0m 1.877 ms - 0[0m
[0mPOST /api/product/add [32m200[0m 77.243 ms - 54[0m
[0mOPTIONS /api/product/getAllproductList [32m204[0m 2.075 ms - 0[0m
[0mGET /api/product/getAllproductList [32m200[0m 33.220 ms - 4993[0m
[0mOPTIONS /api/category/main-list [32m204[0m 8.798 ms - 0[0m
[0mGET /api/category/main-list [36m304[0m 54.193 ms - -[0m
[0mOPTIONS /api/category/getAllSubCategory?categoryId=1 [32m204[0m 3.675 ms - 0[0m
[0mGET /api/category/getAllSubCategory?categoryId=1 [36m304[0m 23.690 ms - -[0m
[0mOPTIONS /api/category/getAllSubChildCategory?subcategoryId=1 [32m204[0m 1.936 ms - 0[0m
[0mGET /api/category/getAllSubChildCategory?subcategoryId=1 [36m304[0m 11.784 ms - -[0m
[0mOPTIONS /api/product/add [32m204[0m 1.715 ms - 0[0m
[0mPOST /api/product/add [32m200[0m 70.306 ms - 54[0m
[0mOPTIONS /api/product/getAllproductList [32m204[0m 2.396 ms - 0[0m
[0mGET /api/product/getAllproductList [32m200[0m 37.159 ms - 5433[0m
[0mOPTIONS /api/category/main-list [32m204[0m 16.045 ms - 0[0m
[0mGET /api/category/main-list [36m304[0m 49.200 ms - -[0m
[0mOPTIONS /api/category/getAllSubCategory?categoryId=1 [32m204[0m 1.733 ms - 0[0m
[0mGET /api/category/getAllSubCategory?categoryId=1 [36m304[0m 24.207 ms - -[0m
[0mOPTIONS /api/category/getAllSubChildCategory?subcategoryId=1 [32m204[0m 3.204 ms - 0[0m
[0mGET /api/category/getAllSubChildCategory?subcategoryId=1 [36m304[0m 19.805 ms - -[0m
[0mOPTIONS /api/product/add [32m204[0m 1.506 ms - 0[0m
[0mPOST /api/product/add [32m200[0m 89.217 ms - 54[0m
[0mOPTIONS /api/product/getAllproductList [32m204[0m 1.927 ms - 0[0m
[0mGET /api/product/getAllproductList [32m200[0m 47.953 ms - 5888[0m
[0mOPTIONS /api/order/list [32m204[0m 2.010 ms - 0[0m
[0mOPTIONS /api/order/count [32m204[0m 2.517 ms - 0[0m
[0mGET /api/order/list [36m304[0m 37.794 ms - -[0m
[0mGET /api/order/count [36m304[0m 42.087 ms - -[0m
[0mOPTIONS /api/category/main-list [32m204[0m 2.399 ms - 0[0m
[0mGET /api/category/main-list [36m304[0m 19.503 ms - -[0m
[0mOPTIONS /api/category/getAllSubCategory?categoryId=1 [32m204[0m 1.894 ms - 0[0m
[0mGET /api/category/getAllSubCategory?categoryId=1 [36m304[0m 12.423 ms - -[0m
[0mOPTIONS /api/category/getAllSubChildCategory?subcategoryId=1 [32m204[0m 4.033 ms - 0[0m
[0mGET /api/category/getAllSubChildCategory?subcategoryId=1 [36m304[0m 10.957 ms - -[0m
[0mOPTIONS /api/product/add [32m204[0m 1.256 ms - 0[0m
[0mPOST /api/product/add [32m200[0m 65.815 ms - 54[0m
[0mOPTIONS /api/product/getAllproductList [32m204[0m 1.564 ms - 0[0m
[0mGET /api/product/getAllproductList [32m200[0m 28.634 ms - 6340[0m
[0mOPTIONS /api/auth/rootLogin [32m204[0m 2.209 ms - 0[0m
[0mPOST /api/auth/rootLogin [32m200[0m 370.425 ms - 211[0m
[0mOPTIONS /api/order/list [32m204[0m 1.478 ms - 0[0m
[0mOPTIONS /api/order/count [32m204[0m 1.361 ms - 0[0m
[0mGET /api/order/list [36m304[0m 34.485 ms - -[0m
[0mGET /api/order/count [36m304[0m 28.443 ms - -[0m
[0mOPTIONS /api/category/main-list [32m204[0m 1.365 ms - 0[0m
[0mGET /api/category/main-list [36m304[0m 16.627 ms - -[0m
[0mOPTIONS /api/category/getAllSubCategory?categoryId=1 [32m204[0m 1.575 ms - 0[0m
[0mGET /api/category/getAllSubCategory?categoryId=1 [36m304[0m 9.572 ms - -[0m
[0mOPTIONS /api/category/getAllSubChildCategory?subcategoryId=1 [32m204[0m 1.596 ms - 0[0m
[0mGET /api/category/getAllSubChildCategory?subcategoryId=1 [36m304[0m 10.407 ms - -[0m
[0mOPTIONS /api/product/add [32m204[0m 1.436 ms - 0[0m
[0mPOST /api/product/add [32m200[0m 34.590 ms - 54[0m
[0mOPTIONS /api/product/getAllproductList [32m204[0m 1.520 ms - 0[0m
[0mGET /api/product/getAllproductList [32m200[0m 29.684 ms - 6781[0m
[0mOPTIONS /api/category/main-list [32m204[0m 9.387 ms - 0[0m
[0mGET /api/category/main-list [36m304[0m 46.851 ms - -[0m
[0mOPTIONS /api/category/getAllSubCategory?categoryId=2 [32m204[0m 1.758 ms - 0[0m
[0mGET /api/category/getAllSubCategory?categoryId=2 [36m304[0m 24.710 ms - -[0m
[0mOPTIONS /api/category/getAllSubChildCategory?subcategoryId=2 [32m204[0m 1.728 ms - 0[0m
[0mGET /api/category/getAllSubChildCategory?subcategoryId=2 [36m304[0m 16.818 ms - -[0m
[0mOPTIONS /api/product/add [32m204[0m 1.828 ms - 0[0m
[0mOPTIONS /api/product/add [32m204[0m 2.074 ms - 0[0m
[0mOPTIONS /api/product/add [32m204[0m 14.521 ms - 0[0m
[0mOPTIONS /api/product/add [32m204[0m 2.369 ms - 0[0m
[0mPOST /api/product/add [32m200[0m 86.667 ms - 54[0m
[0mOPTIONS /api/product/getAllproductList [32m204[0m 1.665 ms - 0[0m
[0mGET /api/product/getAllproductList [32m200[0m 61.870 ms - 8146[0m
[0mOPTIONS /api/category/main-list [32m204[0m 9.868 ms - 0[0m
[0mGET /api/category/main-list [36m304[0m 64.125 ms - -[0m
[0mOPTIONS /api/category/getAllSubCategory?categoryId=2 [32m204[0m 1.555 ms - 0[0m
[0mGET /api/category/getAllSubCategory?categoryId=2 [36m304[0m 21.555 ms - -[0m
[0mOPTIONS /api/category/getAllSubChildCategory?subcategoryId=2 [32m204[0m 2.148 ms - 0[0m
[0mGET /api/category/getAllSubChildCategory?subcategoryId=2 [36m304[0m 11.490 ms - -[0m
[0mOPTIONS /api/product/add [32m204[0m 1.526 ms - 0[0m
[0mPOST /api/product/add [32m200[0m 103.394 ms - 54[0m
[0mOPTIONS /api/product/getAllproductList [32m204[0m 1.693 ms - 0[0m
[0mGET /api/product/getAllproductList [32m200[0m 55.728 ms - 8604[0m
[0mOPTIONS /api/category/main-list [32m204[0m 8.926 ms - 0[0m
[0mGET /api/category/main-list [36m304[0m 40.126 ms - -[0m
[0mOPTIONS /api/category/getAllSubCategory?categoryId=1 [32m204[0m 1.753 ms - 0[0m
[0mGET /api/category/getAllSubCategory?categoryId=1 [36m304[0m 20.936 ms - -[0m
[0mOPTIONS /api/category/getAllSubChildCategory?subcategoryId=1 [32m204[0m 2.288 ms - 0[0m
[0mGET /api/category/getAllSubChildCategory?subcategoryId=1 [36m304[0m 13.811 ms - -[0m
[0mOPTIONS /api/product/add [32m204[0m 1.451 ms - 0[0m
[0mPOST /api/product/add [32m200[0m 116.921 ms - 54[0m
[0mOPTIONS /api/product/getAllproductList [32m204[0m 2.068 ms - 0[0m
[0mGET /api/product/getAllproductList [32m200[0m 45.484 ms - 9054[0m
[0mOPTIONS /api/category/main-list [32m204[0m 11.597 ms - 0[0m
[0mGET /api/category/main-list [36m304[0m 47.691 ms - -[0m
[0mOPTIONS /api/category/getAllSubCategory?categoryId=1 [32m204[0m 1.898 ms - 0[0m
[0mGET /api/category/getAllSubCategory?categoryId=1 [36m304[0m 24.500 ms - -[0m
[0mOPTIONS /api/category/getAllSubChildCategory?subcategoryId=1 [32m204[0m 2.489 ms - 0[0m
[0mGET /api/category/getAllSubChildCategory?subcategoryId=1 [36m304[0m 10.896 ms - -[0m
[0mOPTIONS /api/product/add [32m204[0m 3.538 ms - 0[0m
[0mPOST /api/product/add [31m500[0m 48.063 ms - 2865[0m
[0mOPTIONS /api/product/add [32m204[0m 7.354 ms - 0[0m
[0mPOST /api/product/add [31m500[0m 69.558 ms - 2865[0m
[0mOPTIONS /api/product/add [32m204[0m 9.931 ms - 0[0m
[0mPOST /api/product/add [32m200[0m 96.624 ms - 54[0m
[0mOPTIONS /api/product/getAllproductList [32m204[0m 1.735 ms - 0[0m
[0mGET /api/product/getAllproductList [32m200[0m 56.524 ms - 9515[0m
[0mOPTIONS /api/category/main-list [32m204[0m 11.751 ms - 0[0m
[0mGET /api/category/main-list [36m304[0m 44.471 ms - -[0m
[0mOPTIONS /api/category/getAllSubCategory?categoryId=2 [32m204[0m 1.638 ms - 0[0m
[0mGET /api/category/getAllSubCategory?categoryId=2 [36m304[0m 25.079 ms - -[0m
[0mOPTIONS /api/category/getAllSubChildCategory?subcategoryId=2 [32m204[0m 2.038 ms - 0[0m
[0mGET /api/category/getAllSubChildCategory?subcategoryId=2 [36m304[0m 14.078 ms - -[0m
[0mOPTIONS /api/product/add [32m204[0m 1.064 ms - 0[0m
[0mPOST /api/product/add [32m200[0m 77.706 ms - 54[0m
[0mOPTIONS /api/product/getAllproductList [32m204[0m 1.717 ms - 0[0m
[0mGET /api/product/getAllproductList [32m200[0m 39.535 ms - 10013[0m
[0mOPTIONS /api/category/main-list [32m204[0m 9.418 ms - 0[0m
[0mGET /api/category/main-list [36m304[0m 51.876 ms - -[0m
[0mOPTIONS /api/category/getAllSubCategory?categoryId=2 [32m204[0m 1.367 ms - 0[0m
[0mGET /api/category/getAllSubCategory?categoryId=2 [36m304[0m 24.318 ms - -[0m
[0mOPTIONS /api/category/getAllSubChildCategory?subcategoryId=2 [32m204[0m 1.531 ms - 0[0m
[0mGET /api/category/getAllSubChildCategory?subcategoryId=2 [36m304[0m 17.823 ms - -[0m
[0mOPTIONS /api/product/add [32m204[0m 1.361 ms - 0[0m
[0mPOST /api/product/add [31m500[0m 52.020 ms - 2865[0m
[0mOPTIONS /api/product/add [32m204[0m 6.720 ms - 0[0m
[0mPOST /api/product/add [32m200[0m 98.932 ms - 54[0m
[0mOPTIONS /api/product/getAllproductList [32m204[0m 1.351 ms - 0[0m
[0mGET /api/product/getAllproductList [32m200[0m 55.012 ms - 10583[0m
